# JRE version: Java(TM) SE Runtime Environment (7.0_45-b18) (build 1.7.0_45-b18)
# Java VM: Java HotSpot(TM) 64-Bit Server VM (24.45-b08 mixed mode windows-amd64 compressed oops)
Heap
 PSYoungGen      total 685056K, used 566007K [0x00000007d5e80000, 0x0000000800000000, 0x0000000800000000)
  eden space 680448K, 82% used [0x00000007d5e80000,0x00000007f83cc640,0x00000007ff700000)
  from space 4608K, 76% used [0x00000007ff700000,0x00000007ffa71990,0x00000007ffb80000)
  to   space 4608K, 0% used [0x00000007ffb80000,0x00000007ffb80000,0x0000000800000000)
 ParOldGen       total 459264K, used 361721K [0x0000000781c00000, 0x000000079dc80000, 0x00000007d5e80000)
  object space 459264K, 78% used [0x0000000781c00000,0x0000000797d3e620,0x000000079dc80000)
 PSPermGen       total 33280K, used 31026K [0x000000077ca00000, 0x000000077ea80000, 0x0000000781c00000)
  object space 33280K, 93% used [0x000000077ca00000,0x000000077e84c9a8,0x000000077ea80000)
GC Heap History (10 events):
Event: 23666.592 GC heap before
{Heap before GC invocations=4621 (full 22):
 PSYoungGen      total 685056K, used 683808K [0x00000007d5e80000, 0x0000000800000000, 0x0000000800000000)
  eden space 680448K, 100% used [0x00000007d5e80000,0x00000007ff700000,0x00000007ff700000)
  from space 4608K, 72% used [0x00000007ffb80000,0x00000007ffec8000,0x0000000800000000)
  to   space 4608K, 0% used [0x00000007ff700000,0x00000007ff700000,0x00000007ffb80000)
 ParOldGen       total 459264K, used 360473K [0x0000000781c00000, 0x000000079dc80000, 0x00000007d5e80000)
  object space 459264K, 78% used [0x0000000781c00000,0x0000000797c06620,0x000000079dc80000)
 PSPermGen       total 33280K, used 31025K [0x000000077ca00000, 0x000000077ea80000, 0x0000000781c00000)
  object space 33280K, 93% used [0x000000077ca00000,0x000000077e84c658,0x000000077ea80000)
Event: 23666.610 GC heap after
Heap after GC invocations=4621 (full 22):
 PSYoungGen      total 685056K, used 3555K [0x00000007d5e80000, 0x0000000800000000, 0x0000000800000000)
  eden space 680448K, 0% used [0x00000007d5e80000,0x00000007d5e80000,0x00000007ff700000)
  from space 4608K, 77% used [0x00000007ff700000,0x00000007ffa78ca8,0x00000007ffb80000)
  to   space 4608K, 0% used [0x00000007ffb80000,0x00000007ffb80000,0x0000000800000000)
 ParOldGen       total 459264K, used 360649K [0x0000000781c00000, 0x000000079dc80000, 0x00000007d5e80000)
  object space 459264K, 78% used [0x0000000781c00000,0x0000000797c32620,0x000000079dc80000)
 PSPermGen       total 33280K, used 31025K [0x000000077ca00000, 0x000000077ea80000, 0x0000000781c00000)
  object space 33280K, 93% used [0x000000077ca00000,0x000000077e84c658,0x000000077ea80000)
}
Event: 23692.759 GC heap before
{Heap before GC invocations=4622 (full 22):
 PSYoungGen      total 685056K, used 684003K [0x00000007d5e80000, 0x0000000800000000, 0x0000000800000000)
  eden space 680448K, 100% used [0x00000007d5e80000,0x00000007ff700000,0x00000007ff700000)
  from space 4608K, 77% used [0x00000007ff700000,0x00000007ffa78ca8,0x00000007ffb80000)
  to   space 4608K, 0% used [0x00000007ffb80000,0x00000007ffb80000,0x0000000800000000)
 ParOldGen       total 459264K, used 360649K [0x0000000781c00000, 0x000000079dc80000, 0x00000007d5e80000)
  object space 459264K, 78% used [0x0000000781c00000,0x0000000797c32620,0x000000079dc80000)
 PSPermGen       total 33280K, used 31025K [0x000000077ca00000, 0x000000077ea80000, 0x0000000781c00000)
  object space 33280K, 93% used [0x000000077ca00000,0x000000077e84c658,0x000000077ea80000)
Event: 23692.768 GC heap after
Heap after GC invocations=4622 (full 22):
 PSYoungGen      total 685056K, used 3811K [0x00000007d5e80000, 0x0000000800000000, 0x0000000800000000)
  eden space 680448K, 0% used [0x00000007d5e80000,0x00000007d5e80000,0x00000007ff700000)
  from space 4608K, 82% used [0x00000007ffb80000,0x00000007fff38e98,0x0000000800000000)
  to   space 4608K, 0% used [0x00000007ff700000,0x00000007ff700000,0x00000007ffb80000)
 ParOldGen       total 459264K, used 360849K [0x0000000781c00000, 0x000000079dc80000, 0x00000007d5e80000)
  object space 459264K, 78% used [0x0000000781c00000,0x0000000797c64620,0x000000079dc80000)
 PSPermGen       total 33280K, used 31025K [0x000000077ca00000, 0x000000077ea80000, 0x0000000781c00000)
  object space 33280K, 93% used [0x000000077ca00000,0x000000077e84c658,0x000000077ea80000)
}
Event: 23716.474 GC heap before
{Heap before GC invocations=4623 (full 22):
 PSYoungGen      total 685056K, used 684259K [0x00000007d5e80000, 0x0000000800000000, 0x0000000800000000)
  eden space 680448K, 100% used [0x00000007d5e80000,0x00000007ff700000,0x00000007ff700000)
  from space 4608K, 82% used [0x00000007ffb80000,0x00000007fff38e98,0x0000000800000000)
  to   space 4608K, 0% used [0x00000007ff700000,0x00000007ff700000,0x00000007ffb80000)
 ParOldGen       total 459264K, used 360849K [0x0000000781c00000, 0x000000079dc80000, 0x00000007d5e80000)
  object space 459264K, 78% used [0x0000000781c00000,0x0000000797c64620,0x000000079dc80000)
 PSPermGen       total 33280K, used 31025K [0x000000077ca00000, 0x000000077ea80000, 0x0000000781c00000)
  object space 33280K, 93% used [0x000000077ca00000,0x000000077e84c658,0x000000077ea80000)
Event: 23716.500 GC heap after
Heap after GC invocations=4623 (full 22):
 PSYoungGen      total 685056K, used 3575K [0x00000007d5e80000, 0x0000000800000000, 0x0000000800000000)
  eden space 680448K, 0% used [0x00000007d5e80000,0x00000007d5e80000,0x00000007ff700000)
  from space 4608K, 77% used [0x00000007ff700000,0x00000007ffa7df28,0x00000007ffb80000)
  to   space 4608K, 0% used [0x00000007ffb80000,0x00000007ffb80000,0x0000000800000000)
 ParOldGen       total 459264K, used 361089K [0x0000000781c00000, 0x000000079dc80000, 0x00000007d5e80000)
  object space 459264K, 78% used [0x0000000781c00000,0x0000000797ca0620,0x000000079dc80000)
 PSPermGen       total 33280K, used 31025K [0x000000077ca00000, 0x000000077ea80000, 0x0000000781c00000)
  object space 33280K, 93% used [0x000000077ca00000,0x000000077e84c658,0x000000077ea80000)
}
Event: 23744.283 GC heap before
{Heap before GC invocations=4624 (full 22):
 PSYoungGen      total 685056K, used 684023K [0x00000007d5e80000, 0x0000000800000000, 0x0000000800000000)
  eden space 680448K, 100% used [0x00000007d5e80000,0x00000007ff700000,0x00000007ff700000)
  from space 4608K, 77% used [0x00000007ff700000,0x00000007ffa7df28,0x00000007ffb80000)
  to   space 4608K, 0% used [0x00000007ffb80000,0x00000007ffb80000,0x0000000800000000)
 ParOldGen       total 459264K, used 361089K [0x0000000781c00000, 0x000000079dc80000, 0x00000007d5e80000)
  object space 459264K, 78% used [0x0000000781c00000,0x0000000797ca0620,0x000000079dc80000)
 PSPermGen       total 33280K, used 31025K [0x000000077ca00000, 0x000000077ea80000, 0x0000000781c00000)
  object space 33280K, 93% used [0x000000077ca00000,0x000000077e84c658,0x000000077ea80000)
Event: 23744.295 GC heap after
Heap after GC invocations=4624 (full 22):
 PSYoungGen      total 685056K, used 3714K [0x00000007d5e80000, 0x0000000800000000, 0x0000000800000000)
  eden space 680448K, 0% used [0x00000007d5e80000,0x00000007d5e80000,0x00000007ff700000)
  from space 4608K, 80% used [0x00000007ffb80000,0x00000007fff208a8,0x0000000800000000)
  to   space 4608K, 0% used [0x00000007ff700000,0x00000007ff700000,0x00000007ffb80000)
 ParOldGen       total 459264K, used 361465K [0x0000000781c00000, 0x000000079dc80000, 0x00000007d5e80000)
  object space 459264K, 78% used [0x0000000781c00000,0x0000000797cfe620,0x000000079dc80000)
 PSPermGen       total 33280K, used 31025K [0x000000077ca00000, 0x000000077ea80000, 0x0000000781c00000)
  object space 33280K, 93% used [0x000000077ca00000,0x000000077e84c658,0x000000077ea80000)
}
Event: 23773.346 GC heap before
{Heap before GC invocations=4625 (full 22):
 PSYoungGen      total 685056K, used 684162K [0x00000007d5e80000, 0x0000000800000000, 0x0000000800000000)
  eden space 680448K, 100% used [0x00000007d5e80000,0x00000007ff700000,0x00000007ff700000)
  from space 4608K, 80% used [0x00000007ffb80000,0x00000007fff208a8,0x0000000800000000)
  to   space 4608K, 0% used [0x00000007ff700000,0x00000007ff700000,0x00000007ffb80000)
 ParOldGen       total 459264K, used 361465K [0x0000000781c00000, 0x000000079dc80000, 0x00000007d5e80000)
  object space 459264K, 78% used [0x0000000781c00000,0x0000000797cfe620,0x000000079dc80000)
 PSPermGen       total 33280K, used 31025K [0x000000077ca00000, 0x000000077ea80000, 0x0000000781c00000)
  object space 33280K, 93% used [0x000000077ca00000,0x000000077e84c658,0x000000077ea80000)
Event: 23773.362 GC heap after
Heap after GC invocations=4625 (full 22):
 PSYoungGen      total 685056K, used 3526K [0x00000007d5e80000, 0x0000000800000000, 0x0000000800000000)
  eden space 680448K, 0% used [0x00000007d5e80000,0x00000007d5e80000,0x00000007ff700000)
  from space 4608K, 76% used [0x00000007ff700000,0x00000007ffa71990,0x00000007ffb80000)
  to   space 4608K, 0% used [0x00000007ffb80000,0x00000007ffb80000,0x0000000800000000)
 ParOldGen       total 459264K, used 361721K [0x0000000781c00000, 0x000000079dc80000, 0x00000007d5e80000)
  object space 459264K, 78% used [0x0000000781c00000,0x0000000797d3e620,0x000000079dc80000)
 PSPermGen       total 33280K, used 31025K [0x000000077ca00000, 0x000000077ea80000, 0x0000000781c00000)
  object space 33280K, 93% used [0x000000077ca00000,0x000000077e84c658,0x000000077ea80000)
}

